<?xml version="1.0" encoding="UTF-8"?>
<testng-results ignored="0" total="1" passed="1" failed="0" skipped="0">
  <reporter-output>
  </reporter-output>
  <suite started-at="2023-12-15T14:37:25 IST" name="Default suite" finished-at="2023-12-15T14:37:35 IST" duration-ms="9424">
    <groups>
    </groups>
    <test started-at="2023-12-15T14:37:25 IST" name="Default test" finished-at="2023-12-15T14:37:35 IST" duration-ms="9424">
      <class name="com.ycd.login.Login">
        <test-method signature="login()[pri:0, instance:com.ycd.login.Login@28261e8e]" started-at="2023-12-15T14:37:25 IST" name="login" finished-at="2023-12-15T14:37:35 IST" duration-ms="9317" status="PASS">
          <reporter-output>
          </reporter-output>
        </test-method> <!-- login -->
      </class> <!-- com.ycd.login.Login -->
    </test> <!-- Default test -->
  </suite> <!-- Default suite -->
</testng-results>
